[07:50:50] [main/INFO] (FabricLoader) Loading for game Minecraft 1.16.4
[07:50:50] [main/INFO] (Fabric|Loader) [FabricLoader] Loading 44 mods: minecraft@1.16.4, fabric-renderer-api-v1@0.3.3+6a2618f53a, fabric-screen-handler-api-v1@1.1.0+6a2618f53a, fabric-networking-blockentity-v0@0.2.5+6a2618f53a, fabric-keybindings-v0@0.2.0+6a2618f53a, fabric-command-api-v1@1.0.9+6a2618f53a, fabricloader@0.10.8, fabric-tool-attribute-api-v1@1.2.5+6a2618f53a, fabric-renderer-indigo@0.4.3+6a2618f53a, fabric-structure-api-v1@1.1.1+f1d8af063a, fabric-containers-v0@0.1.8+6a2618f53a, fabric-dimensions-v1@2.0.1+9a6c75813a, fabric-object-builder-api-v1@1.9.2+6a2618f53a, fabric-events-interaction-v0@0.4.1+6a2618f53a, fabric-crash-report-info-v1@0.1.2+b7f9825d3a, fabric-item-api-v1@1.2.0+6a2618f53a, fabric-game-rule-api-v1@1.0.3+a4467d2a3a, fabric-api-base@0.2.0+ab87788d3a, fabric-rendering-v0@1.1.1+6a2618f53a, fabric-key-binding-api-v1@1.0.1+730711c63a, fabric-rendering-v1@1.4.0+6a2618f53a, jukefix@1.0.0, fabric-rendering-data-attachment-v1@0.1.4+6a2618f53a, fabric-resource-loader-v0@0.3.2+1944f3e03a, fabric-textures-v0@1.0.5+6a2618f53a, customrecordsyeah@1.0.0, fabric-content-registries-v0@0.2.0+e77439c73a, fabric-tag-extensions-v0@1.1.0+e77439c73a, fabric-rendering-fluids-v1@0.1.12+6a2618f53a, fabric-biome-api-v1@3.1.0+2e23b97c3a, fabric-registry-sync-v0@0.7.1+285766753a, fabric-commands-v0@0.2.0+6a2618f53a, fabric-blockrenderlayer-v1@1.1.4+6a2618f53a, fabric-lifecycle-events-v1@1.2.0+6a2618f53a, fabric-mining-levels-v0@0.1.2+6a2618f53a, fabric-renderer-registries-v1@2.2.0+6a2618f53a, fabric-events-lifecycle-v0@0.2.0+6a2618f53a, fabric-loot-tables-v1@1.0.1+6a2618f53a, fabric@0.27.1+1.16, fabric-particles-v1@0.2.2+6a2618f53a, fabric-item-groups-v0@0.2.1+6a2618f53a, fabric-models-v0@0.1.1+6a2618f53a, fabric-networking-v0@0.1.10+6a2618f53a, fabric-object-builders-v0@0.7.1+6a2618f53a
[07:50:51] [main/INFO] (mixin) SpongePowered MIXIN Subsystem Version=0.8.2 Source=file:/C:/Users/talal/.gradle/caches/modules-2/files-2.1/net.fabricmc/sponge-mixin/0.8.2+build.24/e5a741445d0f425bf3cce946c6cf8c7fb8376b2/sponge-mixin-0.8.2+build.24.jar Service=Knot/Fabric Env=CLIENT
[07:50:51] [main/INFO] (Fabric|MixinBootstrap) Loaded Fabric development mappings for mixin remapper!
[07:50:52] [main/INFO] (mixin) Remapping refMap fabric-networking-v0-refmap.json using remapper chain
[07:50:52] [main/INFO] (mixin) Remapping refMap fabric-networking-blockentity-v0-refmap.json using remapper chain
[07:50:52] [main/INFO] (mixin) Remapping refMap fabric-screen-handler-api-v1-refmap.json using remapper chain
[07:50:52] [main/INFO] (mixin) Remapping refMap fabric-lifecycle-events-v1-refmap.json using remapper chain
[07:50:52] [main/INFO] (mixin) Remapping refMap fabric-containers-v0-refmap.json using remapper chain
[07:50:52] [main/INFO] (mixin) Remapping refMap fabric-renderer-indigo-refmap.json using remapper chain
[07:50:52] [main/INFO] (mixin) Remapping refMap fabric-rendering-data-attachment-v1-refmap.json using remapper chain
[07:50:52] [main/INFO] (mixin) Remapping refMap fabric-structure-api-v1-refmap.json using remapper chain
[07:50:52] [main/INFO] (mixin) Remapping refMap fabric-events-interaction-v0-refmap.json using remapper chain
[07:50:52] [main/INFO] (mixin) Remapping refMap fabric-item-api-v1-refmap.json using remapper chain
[07:50:52] [main/INFO] (mixin) Remapping refMap fabric-loot-tables-v1-refmap.json using remapper chain
[07:50:52] [main/INFO] (mixin) Remapping refMap fabric-object-builder-api-v1-refmap.json using remapper chain
[07:50:52] [main/INFO] (mixin) Remapping refMap fabric-dimensions-v1-refmap.json using remapper chain
[07:50:52] [main/INFO] (mixin) Remapping refMap fabric-renderer-registries-v1-refmap.json using remapper chain
[07:50:52] [main/INFO] (mixin) Remapping refMap fabric-textures-v0-refmap.json using remapper chain
[07:50:52] [main/INFO] (mixin) Remapping refMap fabric-registry-sync-v0-refmap.json using remapper chain
[07:50:52] [main/INFO] (mixin) Remapping refMap fabric-models-v0-refmap.json using remapper chain
[07:50:52] [main/INFO] (mixin) Remapping refMap fabric-blockrenderlayer-v1-refmap.json using remapper chain
[07:50:52] [main/INFO] (mixin) Remapping refMap fabric-renderer-api-v1-refmap.json using remapper chain
[07:50:52] [main/INFO] (mixin) Remapping refMap fabric-containers-v0-refmap.json using remapper chain
[07:50:52] [main/INFO] (mixin) Remapping refMap fabric-rendering-fluids-v1-refmap.json using remapper chain
[07:50:52] [main/INFO] (mixin) Remapping refMap fabric-biome-api-v1-refmap.json using remapper chain
[07:50:52] [main/INFO] (mixin) Remapping refMap fabric-resource-loader-v0-refmap.json using remapper chain
[07:50:52] [main/INFO] (mixin) Remapping refMap fabric-game-rule-api-v1-refmap.json using remapper chain
[07:50:52] [main/INFO] (mixin) Remapping refMap fabric-particles-v1-refmap.json using remapper chain
[07:50:52] [main/INFO] (mixin) Remapping refMap fabric-object-builders-refmap.json using remapper chain
[07:50:52] [main/INFO] (mixin) Remapping refMap fabric-tag-extensions-v0-refmap.json using remapper chain
[07:50:52] [main/INFO] (mixin) Remapping refMap fabric-tool-attribute-api-v1-refmap.json using remapper chain
[07:50:52] [main/INFO] (mixin) Remapping refMap fabric-rendering-v1-refmap.json using remapper chain
[07:50:52] [main/INFO] (mixin) Remapping refMap fabric-item-groups-v0-refmap.json using remapper chain
[07:50:52] [main/INFO] (mixin) Remapping refMap fabric-content-registries-v0-refmap.json using remapper chain
[07:50:52] [main/INFO] (mixin) Remapping refMap juke-fix-refmap.json using remapper chain
[07:50:52] [main/INFO] (mixin) Remapping refMap fabric-command-api-v1-refmap.json using remapper chain
[07:50:52] [main/INFO] (mixin) Remapping refMap fabric-crash-report-info-v1-refmap.json using remapper chain
[07:50:52] [main/INFO] (mixin) Remapping refMap fabric-key-binding-api-v1-refmap.json using remapper chain
[07:50:52] [main/INFO] (mixin) Remapping refMap fabric-renderer-api-v1-refmap.json using remapper chain
[07:50:52] [main/WARN] (mixin) @Mixin target net/minecraft/server/world/ThreadedAnvilChunkStorage$EntityTracker is public in fabric-networking-v0.mixins.json:MixinEntityTracker and should be specified in value
[07:50:52] [main/WARN] (mixin) @Mixin target net/minecraft/client/render/block/BlockModelRenderer$AmbientOcclusionCalculator is public in fabric-renderer-indigo.mixins.json:MixinAmbientOcclusionCalculator and should be specified in value
[07:50:52] [main/WARN] (mixin) @Mixin target net/minecraft/client/render/chunk/ChunkBuilder$BuiltChunk$RebuildTask is public in fabric-renderer-indigo.mixins.json:MixinChunkRebuildTask and should be specified in value
[07:50:52] [main/WARN] (mixin) @Mixin target net/minecraft/village/TradeOffers$TypeAwareBuyForOneEmeraldFactory is public in fabric-object-builder-v1.mixins.json:TypeAwareTradeMixin and should be specified in value
[07:50:52] [main/WARN] (mixin) @Mixin target net/minecraft/client/font/FontManager$1 is public in fabric-resource-loader-v0.mixins.json:client.FontManagerResourceReloadListenerMixin and should be specified in value
[07:50:52] [main/WARN] (mixin) @Mixin target net/minecraft/server/command/GameRuleCommand$1 is public in fabric-game-rule-api-v1.mixins.json:GameRuleCommandVisitorMixin and should be specified in value
[07:50:52] [main/WARN] (mixin) @Mixin target net/minecraft/client/gui/screen/world/EditGameRulesScreen$RuleListWidget$1 is public in fabric-game-rule-api-v1.mixins.json:client.RuleListWidgetVisitorMixin and should be specified in value
[07:50:52] [main/WARN] (mixin) @Mixin target net/minecraft/client/particle/ParticleManager$SimpleSpriteProvider is public in fabric-particles-v1.mixins.json:ParticleManagerAccessor$SimpleSpriteProviderAccessor and should be specified in value
[07:50:52] [main/WARN] (mixin) @Mixin target net/minecraft/tag/Tag$1 is public in fabric-tag-extensions-v0.mixins.json:MixinTagImpl and should be specified in value
[07:50:52] [main/WARN] (mixin) @Mixin target net/minecraft/tag/RequiredTagList$TagWrapper is public in fabric-tag-extensions-v0.mixins.json:MixinTagImpl and should be specified in value
[07:51:07] [main/INFO] (Minecraft) Environment: authHost='https://authserver.mojang.com', accountsHost='https://api.mojang.com', sessionHost='https://sessionserver.mojang.com', servicesHost='https://api.minecraftservices.com', name='PROD'
[07:51:11] [main/ERROR] (Minecraft) Failed to verify authentication
com.mojang.authlib.exceptions.AuthenticationException: Unauthorized
	at com.mojang.authlib.yggdrasil.YggdrasilAuthenticationService.makeRequest(YggdrasilAuthenticationService.java:119) ~[authlib-2.0.27.jar:?]
	at com.mojang.authlib.yggdrasil.YggdrasilSocialInteractionsService.checkPrivileges(YggdrasilSocialInteractionsService.java:80) ~[authlib-2.0.27.jar:?]
	at com.mojang.authlib.yggdrasil.YggdrasilSocialInteractionsService.<init>(YggdrasilSocialInteractionsService.java:34) ~[authlib-2.0.27.jar:?]
	at com.mojang.authlib.yggdrasil.YggdrasilAuthenticationService.createSocialInteractionsService(YggdrasilAuthenticationService.java:152) ~[authlib-2.0.27.jar:?]
	at net.minecraft.client.MinecraftClient.method_31382(MinecraftClient.java:563) [minecraft-1.16.4-mapped-net.fabricmc.yarn-1.16.4+build.7-v2.jar:?]
	at net.minecraft.client.MinecraftClient.<init>(MinecraftClient.java:398) [minecraft-1.16.4-mapped-net.fabricmc.yarn-1.16.4+build.7-v2.jar:?]
	at net.minecraft.client.main.Main.main(Main.java:149) [minecraft-1.16.4-mapped-net.fabricmc.yarn-1.16.4+build.7-v2.jar:?]
	at sun.reflect.NativeMethodAccessorImpl.invoke0(Native Method) ~[?:1.8.0_275]
	at sun.reflect.NativeMethodAccessorImpl.invoke(NativeMethodAccessorImpl.java:62) ~[?:1.8.0_275]
	at sun.reflect.DelegatingMethodAccessorImpl.invoke(DelegatingMethodAccessorImpl.java:43) ~[?:1.8.0_275]
	at java.lang.reflect.Method.invoke(Method.java:498) ~[?:1.8.0_275]
	at net.fabricmc.loader.game.MinecraftGameProvider.launch(MinecraftGameProvider.java:224) [fabric-loader-0.10.8@net.fabricmc.yarn.1_16_4.1.16.4+build.7-v2.jar:?]
	at net.fabricmc.loader.launch.knot.Knot.init(Knot.java:141) [fabric-loader-0.10.8@net.fabricmc.yarn.1_16_4.1.16.4+build.7-v2.jar:?]
	at net.fabricmc.loader.launch.knot.KnotClient.main(KnotClient.java:27) [fabric-loader-0.10.8@net.fabricmc.yarn.1_16_4.1.16.4+build.7-v2.jar:?]
	at net.fabricmc.devlaunchinjector.Main.main(Main.java:86) [dev-launch-injector-0.2.1+build.8.jar:?]
[07:51:11] [main/INFO] (Minecraft) Setting user: Player260
[07:51:11] [main/INFO] (Minecraft) [STDOUT]: Whatever
[07:51:11] [main/INFO] (Indigo) [Indigo] Registering Indigo renderer!
[07:51:12] [main/INFO] (Minecraft) Backend library: LWJGL version 3.2.2 build 10
[07:51:17] [main/INFO] (Minecraft) Narrator library for x64 successfully loaded
[07:51:17] [main/INFO] (Minecraft) Reloading ResourceManager: Default, Fabric Renderer API (v1), Fabric Screen Handler API (v1), Fabric Networking Block Entity (v0), Fabric Key Bindings (v0), Fabric Command API (v1), Fabric Loader, Fabric Tool Attribute API (v1), Fabric Renderer - Indigo, Fabric Containers (v0), Fabric Object Builder API (v1), Fabric Events Interaction (v0), Fabric Crash Report Info (v1), Fabric Item API (v1), Fabric Game Rule API (v1), Fabric API Base, Fabric Rendering (v0), Fabric Key Binding API (v1), Fabric Rendering (v1), Fabric Rendering Data Attachment (v1), Fabric Resource Loader (v0), Fabric Textures (v0), Custom Records, Fabric Content Registries (v0), Fabric Tag Extensions (v0), Fabric Rendering Fluids (v1), Fabric Biome API (v1), Fabric Registry Sync (v0), Fabric BlockRenderLayer Registration (v1), Fabric Lifecycle Events (v1), Fabric Mining Levels (v0), Fabric Renderer Registries (v1), Fabric Events Lifecycle (v0), Fabric Loot Tables (v1), Fabric API, Fabric Item Groups (v0), Fabric Models (v0), Fabric Networking (v0), Fabric Object Builders (v0)
[07:51:18] [Realms Notification Availability checker #1/INFO] (Minecraft) Could not authorize you against Realms server: Invalid session id
